<?xml version="1.0" encoding="UTF-8"?>
<coverage generated="1600733658957" clover="3.2.0">
  <project timestamp="1600733658957" name="All files">
    <metrics statements="14" coveredstatements="2" conditionals="0" coveredconditionals="0" methods="7" coveredmethods="1" elements="21" coveredelements="3" complexity="0" loc="14" ncloc="14" packages="2" files="3" classes="3"/>
    <package name="components.Main">
      <metrics statements="2" coveredstatements="2" conditionals="0" coveredconditionals="0" methods="1" coveredmethods="1"/>
      <file name="index.tsx" path="/home/mathfarsetti/Development/react-avancado/front-end/src/components/Main/index.tsx">
        <metrics statements="2" coveredstatements="2" conditionals="0" coveredconditionals="0" methods="1" coveredmethods="1"/>
        <line num="3" count="1" type="stmt"/>
        <line num="4" count="1" type="stmt"/>
      </file>
    </package>
    <package name="pages">
      <metrics statements="12" coveredstatements="0" conditionals="0" coveredconditionals="0" methods="6" coveredmethods="0"/>
      <file name="_app.tsx" path="/home/mathfarsetti/Development/react-avancado/front-end/src/pages/_app.tsx">
        <metrics statements="1" coveredstatements="0" conditionals="0" coveredconditionals="0" methods="1" coveredmethods="0"/>
        <line num="8" count="0" type="stmt"/>
      </file>
      <file name="_document.tsx" path="/home/mathfarsetti/Development/react-avancado/front-end/src/pages/_document.tsx">
        <metrics statements="11" coveredstatements="0" conditionals="0" coveredconditionals="0" methods="5" coveredmethods="0"/>
        <line num="12" count="0" type="stmt"/>
        <line num="13" count="0" type="stmt"/>
        <line num="15" count="0" type="stmt"/>
        <line num="16" count="0" type="stmt"/>
        <line num="17" count="0" type="stmt"/>
        <line num="18" count="0" type="stmt"/>
        <line num="19" count="0" type="stmt"/>
        <line num="22" count="0" type="stmt"/>
        <line num="23" count="0" type="stmt"/>
        <line num="33" count="0" type="stmt"/>
        <line num="38" count="0" type="stmt"/>
      </file>
    </package>
  </project>
</coverage>
