{"/home/mathfarsetti/Development/react-avancado/front-end/src/components/Main/index.tsx": {"path":"/home/mathfarsetti/Development/react-avancado/front-end/src/components/Main/index.tsx","statementMap":{"0":{"start":{"line":3,"column":13},"end":{"line":18,"column":1}},"1":{"start":{"line":4,"column":2},"end":{"line":17,"column":14}}},"fnMap":{"0":{"name":"(anonymous_0)","decl":{"start":{"line":3,"column":13},"end":{"line":3,"column":14}},"loc":{"start":{"line":4,"column":2},"end":{"line":17,"column":14}},"line":4}},"branchMap":{},"s":{"0":1,"1":1},"f":{"0":1},"b":{},"_coverageSchema":"1a1c01bbd47fc00a2c39e90264f33305004495a9","hash":"c734f6fb6b852674ef91b8ea14fdf926475746b8"}
,"/home/mathfarsetti/Development/react-avancado/front-end/src/pages/_app.tsx": {"path":"/home/mathfarsetti/Development/react-avancado/front-end/src/pages/_app.tsx","statementMap":{"0":{"start":{"line":8,"column":2},"end":{"line":20,"column":3}}},"fnMap":{"0":{"name":"App","decl":{"start":{"line":7,"column":9},"end":{"line":7,"column":12}},"loc":{"start":{"line":7,"column":49},"end":{"line":21,"column":1}},"line":7}},"branchMap":{},"s":{"0":0},"f":{"0":0},"b":{}}
,"/home/mathfarsetti/Development/react-avancado/front-end/src/pages/_document.tsx": {"path":"/home/mathfarsetti/Development/react-avancado/front-end/src/pages/_document.tsx","statementMap":{"0":{"start":{"line":12,"column":18},"end":{"line":12,"column":40}},"1":{"start":{"line":13,"column":31},"end":{"line":13,"column":45}},"2":{"start":{"line":15,"column":4},"end":{"line":34,"column":5}},"3":{"start":{"line":16,"column":6},"end":{"line":20,"column":10}},"4":{"start":{"line":17,"column":8},"end":{"line":20,"column":10}},"5":{"start":{"line":18,"column":31},"end":{"line":19,"column":51}},"6":{"start":{"line":19,"column":12},"end":{"line":19,"column":51}},"7":{"start":{"line":22,"column":27},"end":{"line":22,"column":62}},"8":{"start":{"line":23,"column":6},"end":{"line":31,"column":7}},"9":{"start":{"line":33,"column":6},"end":{"line":33,"column":18}},"10":{"start":{"line":38,"column":4},"end":{"line":46,"column":5}}},"fnMap":{"0":{"name":"(anonymous_0)","decl":{"start":{"line":11,"column":2},"end":{"line":11,"column":3}},"loc":{"start":{"line":11,"column":53},"end":{"line":35,"column":3}},"line":11},"1":{"name":"(anonymous_1)","decl":{"start":{"line":16,"column":23},"end":{"line":16,"column":24}},"loc":{"start":{"line":17,"column":8},"end":{"line":20,"column":10}},"line":17},"2":{"name":"(anonymous_2)","decl":{"start":{"line":18,"column":22},"end":{"line":18,"column":23}},"loc":{"start":{"line":18,"column":31},"end":{"line":19,"column":51}},"line":18},"3":{"name":"(anonymous_3)","decl":{"start":{"line":18,"column":31},"end":{"line":18,"column":32}},"loc":{"start":{"line":19,"column":12},"end":{"line":19,"column":51}},"line":19},"4":{"name":"(anonymous_4)","decl":{"start":{"line":37,"column":2},"end":{"line":37,"column":3}},"loc":{"start":{"line":37,"column":11},"end":{"line":47,"column":3}},"line":37}},"branchMap":{},"s":{"0":0,"1":0,"2":0,"3":0,"4":0,"5":0,"6":0,"7":0,"8":0,"9":0,"10":0},"f":{"0":0,"1":0,"2":0,"3":0,"4":0},"b":{}}
}
